<?xml version="1.0" encoding="UTF-8"?>
<TestRun id="cbfa6627-c4be-437c-8209-700196c1ab7e" name="s.g.yu7h@INAGFFPTEC161W 2014-01-13 14:28:30" runUser="CORP\s.g.yu7h" xmlns="http://microsoft.com/schemas/VisualStudio/TeamTest/2010">
  <TestSettings name="Local" id="1747497b-b63c-46c6-9bbd-9937f9080ad4">
    <Description>These are default test settings for a local test run.</Description>
    <Deployment runDeploymentRoot="s.g.yu7h_INAGFFPTEC161W 2014-01-13 14_28_30">
      <DeploymentItem filename="GCMS_TestProject\bin\XML\Beta1.xml" />
      <DeploymentItem filename="C:\Users\s.g.yu7h\Desktop\net35\WebDriver.Support.dll" />
      <DeploymentItem filename="C:\Users\s.g.yu7h\Desktop\net35\WebDriver.dll" />
      <DeploymentItem filename="C:\Users\s.g.yu7h\Desktop\net35\Selenium.WebDriverBackedSelenium.dll" />
      <DeploymentItem filename="C:\Users\s.g.yu7h\Desktop\net35\ThoughtWorks.Selenium.Core.dll" />
      <DeploymentItem filename="GCMS_TestProject\bin\XML\HotelPricer.xml" />
    </Deployment>
    <Execution>
      <TestTypeSpecific>
        <UnitTestRunConfig testTypeId="13cdc9d9-ddb5-4fa4-a97d-d965ccfc6d4b">
          <AssemblyResolution>
            <TestDirectory useLoadContext="true" />
          </AssemblyResolution>
        </UnitTestRunConfig>
      </TestTypeSpecific>
      <AgentRule name="Execution Agents">
      </AgentRule>
    </Execution>
  </TestSettings>
  <Times creation="2014-01-13T14:28:30.7060741+05:30" queuing="2014-01-13T14:28:32.3240741+05:30" start="2014-01-13T14:28:32.5060741+05:30" finish="2014-01-13T14:32:18.7350741+05:30" />
  <ResultSummary outcome="Error">
    <Counters total="6" executed="3" passed="2" error="0" failed="0" timeout="0" aborted="1" inconclusive="0" passedButRunAborted="0" notRunnable="0" notExecuted="0" disconnected="0" warning="0" completed="0" inProgress="0" pending="0" />
    <RunInfos>
      <RunInfo computerName="INAGFFPTEC161W" outcome="Error" timestamp="2014-01-13T14:32:18.7350741+05:30">
        <Text>Test host process exited unexpectedly.</Text>
      </RunInfo>
    </RunInfos>
  </ResultSummary>
  <TestDefinitions>
    <UnitTest name="ForSqlModule" storage="c:\users\s.g.yu7h\documents\visual studio 2010\projects\gcms_testproject\gcms_testproject\bin\debug\gcms_testproject.dll" id="817aeca9-03da-fbef-ab65-2806fa9d72b0">
      <DeploymentItems>
        <DeploymentItem filename="GCMS_TestProject\ForSqlModule.csv" />
        <DeploymentItem filename="Eclips\ForSqlModule.csv" />
      </DeploymentItems>
      <TestMethod codeBase="C:/Users/s.g.yu7h/Documents/Visual Studio 2010/Projects/GCMS_TestProject/GCMS_TestProject/bin/Debug/GCMS_TestProject.DLL" adapterTypeName="Microsoft.VisualStudio.TestTools.TestTypes.Unit.UnitTestAdapter, Microsoft.VisualStudio.QualityTools.Tips.UnitTest.Adapter, Version=10.0.0.0, Culture=neutral, PublicKeyToken=b03f5f7f11d50a3a" className="GCMS_TestProject.TestCases.AutomatedTestsForBeta1, GCMS_TestProject, Version=1.0.0.0, Culture=neutral, PublicKeyToken=null" name="ForSqlModule" />
      <DataSource connectionString="|DataDirectory|\ForSqlModule.csv" providerInvariantName="Microsoft.VisualStudio.TestTools.DataSource.CSV" tableName="ForSqlModule#csv" />
    </UnitTest>
    <UnitTest name="ContentSpecificUrl_InHTMLModule" storage="c:\users\s.g.yu7h\documents\visual studio 2010\projects\gcms_testproject\gcms_testproject\bin\debug\gcms_testproject.dll" id="d869fc3b-f150-549c-6e79-cd687c15578d">
      <DeploymentItems>
        <DeploymentItem filename="GCMS_TestProject\AppData\ContentSpecificUrl_InHTMLModule.csv" />
      </DeploymentItems>
      <TestMethod codeBase="C:/Users/s.g.yu7h/Documents/Visual Studio 2010/Projects/GCMS_TestProject/GCMS_TestProject/bin/Debug/GCMS_TestProject.DLL" adapterTypeName="Microsoft.VisualStudio.TestTools.TestTypes.Unit.UnitTestAdapter, Microsoft.VisualStudio.QualityTools.Tips.UnitTest.Adapter, Version=10.0.0.0, Culture=neutral, PublicKeyToken=b03f5f7f11d50a3a" className="GCMS_TestProject.TestCases.AutomatedTestsForBeta1, GCMS_TestProject, Version=1.0.0.0, Culture=neutral, PublicKeyToken=null" name="ContentSpecificUrl_InHTMLModule" />
      <DataSource connectionString="|DataDirectory|\ContentSpecificUrl_InHTMLModule.csv" providerInvariantName="Microsoft.VisualStudio.TestTools.DataSource.CSV" tableName="ContentSpecificUrl_InHTMLModule#csv" />
    </UnitTest>
    <OrderedTest name="Beta1OrderedTest" storage="c:\users\s.g.yu7h\documents\visual studio 2010\projects\gcms_testproject\gcms_testproject\testcases\gcms\beta1\beta1orderedtest.orderedtest" id="8ee7eea7-73ae-4af2-b301-7fa33af14d6e">
      <Execution id="7e651b32-0657-4ad3-a751-0652aa6b9114" />
      <TestLinks>
        <TestLink id="7cf005aa-82fd-e154-3905-bf272a709380" name="JustToSignInOnly" storage="..\..\..\bin\debug\gcms_testproject.dll" type="Microsoft.VisualStudio.TestTools.TestTypes.Unit.UnitTestElement, Microsoft.VisualStudio.QualityTools.Tips.UnitTest.ObjectModel, Version=10.0.0.0, Culture=neutral, PublicKeyToken=b03f5f7f11d50a3a" />
        <TestLink id="d869fc3b-f150-549c-6e79-cd687c15578d" name="ContentSpecificUrl_InHTMLModule" storage="..\..\..\bin\debug\gcms_testproject.dll" type="Microsoft.VisualStudio.TestTools.TestTypes.Unit.UnitTestElement, Microsoft.VisualStudio.QualityTools.Tips.UnitTest.ObjectModel, Version=10.0.0.0, Culture=neutral, PublicKeyToken=b03f5f7f11d50a3a" />
        <TestLink id="2339fb37-76d2-7deb-e0c7-3a46b9de23a8" name="ForHTML_Module" storage="..\..\..\bin\debug\gcms_testproject.dll" type="Microsoft.VisualStudio.TestTools.TestTypes.Unit.UnitTestElement, Microsoft.VisualStudio.QualityTools.Tips.UnitTest.ObjectModel, Version=10.0.0.0, Culture=neutral, PublicKeyToken=b03f5f7f11d50a3a" />
        <TestLink id="43c24749-0d36-ad6a-4241-fedfc631cd08" name="ForRSSFeed" storage="..\..\..\bin\debug\gcms_testproject.dll" type="Microsoft.VisualStudio.TestTools.TestTypes.Unit.UnitTestElement, Microsoft.VisualStudio.QualityTools.Tips.UnitTest.ObjectModel, Version=10.0.0.0, Culture=neutral, PublicKeyToken=b03f5f7f11d50a3a" />
        <TestLink id="817aeca9-03da-fbef-ab65-2806fa9d72b0" name="ForSqlModule" storage="..\..\..\bin\debug\gcms_testproject.dll" type="Microsoft.VisualStudio.TestTools.TestTypes.Unit.UnitTestElement, Microsoft.VisualStudio.QualityTools.Tips.UnitTest.ObjectModel, Version=10.0.0.0, Culture=neutral, PublicKeyToken=b03f5f7f11d50a3a" />
      </TestLinks>
    </OrderedTest>
    <UnitTest name="ForRSSFeed" storage="c:\users\s.g.yu7h\documents\visual studio 2010\projects\gcms_testproject\gcms_testproject\bin\debug\gcms_testproject.dll" id="43c24749-0d36-ad6a-4241-fedfc631cd08">
      <DeploymentItems>
        <DeploymentItem filename="GCMS_TestProject\ForRSSFeed.csv" />
        <DeploymentItem filename="Eclips\ForRSSFeed.csv" />
      </DeploymentItems>
      <TestMethod codeBase="C:/Users/s.g.yu7h/Documents/Visual Studio 2010/Projects/GCMS_TestProject/GCMS_TestProject/bin/Debug/GCMS_TestProject.DLL" adapterTypeName="Microsoft.VisualStudio.TestTools.TestTypes.Unit.UnitTestAdapter, Microsoft.VisualStudio.QualityTools.Tips.UnitTest.Adapter, Version=10.0.0.0, Culture=neutral, PublicKeyToken=b03f5f7f11d50a3a" className="GCMS_TestProject.TestCases.AutomatedTestsForBeta1, GCMS_TestProject, Version=1.0.0.0, Culture=neutral, PublicKeyToken=null" name="ForRSSFeed" />
      <DataSource connectionString="|DataDirectory|\ForRSSFeed.csv" providerInvariantName="Microsoft.VisualStudio.TestTools.DataSource.CSV" tableName="ForRSSFeed#csv" />
    </UnitTest>
    <UnitTest name="JustToSignInOnly" storage="c:\users\s.g.yu7h\documents\visual studio 2010\projects\gcms_testproject\gcms_testproject\bin\debug\gcms_testproject.dll" id="7cf005aa-82fd-e154-3905-bf272a709380">
      <DeploymentItems>
        <DeploymentItem filename="Eclips\ForHTML_Module.csv" />
        <DeploymentItem filename="GCMS_TestProject\ForHTML_Module.csv" />
      </DeploymentItems>
      <TestMethod codeBase="C:/Users/s.g.yu7h/Documents/Visual Studio 2010/Projects/GCMS_TestProject/GCMS_TestProject/bin/Debug/GCMS_TestProject.DLL" adapterTypeName="Microsoft.VisualStudio.TestTools.TestTypes.Unit.UnitTestAdapter, Microsoft.VisualStudio.QualityTools.Tips.UnitTest.Adapter, Version=10.0.0.0, Culture=neutral, PublicKeyToken=b03f5f7f11d50a3a" className="GCMS_TestProject.TestCases.AutomatedTestsForBeta1, GCMS_TestProject, Version=1.0.0.0, Culture=neutral, PublicKeyToken=null" name="JustToSignInOnly" />
      <DataSource connectionString="|DataDirectory|\ForHTML_Module.csv" providerInvariantName="Microsoft.VisualStudio.TestTools.DataSource.CSV" tableName="ForHTML_Module#csv" />
    </UnitTest>
    <UnitTest name="ForHTML_Module" storage="c:\users\s.g.yu7h\documents\visual studio 2010\projects\gcms_testproject\gcms_testproject\bin\debug\gcms_testproject.dll" id="2339fb37-76d2-7deb-e0c7-3a46b9de23a8">
      <DeploymentItems>
        <DeploymentItem filename="Eclips\ForHTML_Module.csv" />
        <DeploymentItem filename="GCMS_TestProject\ForHTML_Module.csv" />
      </DeploymentItems>
      <TestMethod codeBase="C:/Users/s.g.yu7h/Documents/Visual Studio 2010/Projects/GCMS_TestProject/GCMS_TestProject/bin/Debug/GCMS_TestProject.DLL" adapterTypeName="Microsoft.VisualStudio.TestTools.TestTypes.Unit.UnitTestAdapter, Microsoft.VisualStudio.QualityTools.Tips.UnitTest.Adapter, Version=10.0.0.0, Culture=neutral, PublicKeyToken=b03f5f7f11d50a3a" className="GCMS_TestProject.TestCases.AutomatedTestsForBeta1, GCMS_TestProject, Version=1.0.0.0, Culture=neutral, PublicKeyToken=null" name="ForHTML_Module" />
      <DataSource connectionString="|DataDirectory|\ForHTML_Module.csv" providerInvariantName="Microsoft.VisualStudio.TestTools.DataSource.CSV" tableName="ForHTML_Module#csv" />
    </UnitTest>
  </TestDefinitions>
  <TestLists>
    <TestList name="Results Not in a List" id="8c84fa94-04c1-424b-9868-57a2d4851a1d" />
    <TestList name="All Loaded Results" id="19431567-8539-422a-85d7-44ee4e166bda" />
  </TestLists>
  <TestEntries>
    <TestEntry testId="8ee7eea7-73ae-4af2-b301-7fa33af14d6e" executionId="7e651b32-0657-4ad3-a751-0652aa6b9114" testListId="8c84fa94-04c1-424b-9868-57a2d4851a1d">
      <TestEntries>
        <TestEntry testId="7cf005aa-82fd-e154-3905-bf272a709380" executionId="6fe1877f-2572-42cc-857b-97dcf821dd32" parentExecutionId="7e651b32-0657-4ad3-a751-0652aa6b9114" testListId="8c84fa94-04c1-424b-9868-57a2d4851a1d" />
        <TestEntry testId="d869fc3b-f150-549c-6e79-cd687c15578d" executionId="776da1fd-b391-49fa-9d23-55ffc3b2515e" parentExecutionId="7e651b32-0657-4ad3-a751-0652aa6b9114" testListId="8c84fa94-04c1-424b-9868-57a2d4851a1d" />
        <TestEntry testId="2339fb37-76d2-7deb-e0c7-3a46b9de23a8" executionId="6f126d9e-fc19-4d12-b09c-252c530b1b23" parentExecutionId="7e651b32-0657-4ad3-a751-0652aa6b9114" testListId="8c84fa94-04c1-424b-9868-57a2d4851a1d" />
        <TestEntry testId="43c24749-0d36-ad6a-4241-fedfc631cd08" executionId="b369450d-7ba9-4a9f-83b3-051b7181007a" parentExecutionId="7e651b32-0657-4ad3-a751-0652aa6b9114" testListId="8c84fa94-04c1-424b-9868-57a2d4851a1d" />
        <TestEntry testId="817aeca9-03da-fbef-ab65-2806fa9d72b0" executionId="64b52b4b-f60a-447b-b04f-be3163aa6dcd" parentExecutionId="7e651b32-0657-4ad3-a751-0652aa6b9114" testListId="8c84fa94-04c1-424b-9868-57a2d4851a1d" />
      </TestEntries>
    </TestEntry>
  </TestEntries>
  <Results>
    <TestResultAggregation executionId="7e651b32-0657-4ad3-a751-0652aa6b9114" testId="8ee7eea7-73ae-4af2-b301-7fa33af14d6e" testName="Beta1OrderedTest" computerName="INAGFFPTEC161W" duration="00:03:45.5860000" startTime="2014-01-13T14:28:33.1490741+05:30" endTime="2014-01-13T14:32:18.7350741+05:30" testType="ec4800e8-40e5-4ab3-8510-b8bf29b1904d" outcome="Aborted" testListId="8c84fa94-04c1-424b-9868-57a2d4851a1d" relativeResultsDirectory="7e651b32-0657-4ad3-a751-0652aa6b9114">
      <Counters error="0" failed="0" timeout="0" aborted="0" inconclusive="0" passedButRunAborted="0" notRunnable="0" notExecuted="0" disconnected="0" warning="0" passed="2" completed="0" inProgress="0" pending="4" />
      <InnerResults>
        <UnitTestResult executionId="6fe1877f-2572-42cc-857b-97dcf821dd32" parentExecutionId="7e651b32-0657-4ad3-a751-0652aa6b9114" testId="7cf005aa-82fd-e154-3905-bf272a709380" testName="JustToSignInOnly" computerName="INAGFFPTEC161W" duration="00:01:04.0312710" startTime="2014-01-13T14:28:33.3850741+05:30" endTime="2014-01-13T14:29:38.5570741+05:30" testType="13cdc9d9-ddb5-4fa4-a97d-d965ccfc6d4b" outcome="Passed" testListId="8c84fa94-04c1-424b-9868-57a2d4851a1d" relativeResultsDirectory="6fe1877f-2572-42cc-857b-97dcf821dd32" resultType="DataDrivenTest">
          <Output>
          </Output>
          <Counters error="0" failed="0" timeout="0" aborted="0" inconclusive="0" passedButRunAborted="0" notRunnable="0" notExecuted="0" disconnected="0" warning="0" passed="1" completed="0" inProgress="0" pending="0" />
          <InnerResults>
            <UnitTestResult executionId="9955f776-cd23-48b5-b433-0102801e1e7f" parentExecutionId="6fe1877f-2572-42cc-857b-97dcf821dd32" testId="7cf005aa-82fd-e154-3905-bf272a709380" testName="JustToSignInOnly" computerName="INAGFFPTEC161W" duration="00:01:03.7019567" startTime="2014-01-13T14:28:34.8240741+05:30" endTime="2014-01-13T14:29:38.5310741+05:30" testType="13cdc9d9-ddb5-4fa4-a97d-d965ccfc6d4b" outcome="Passed" testListId="8c84fa94-04c1-424b-9868-57a2d4851a1d" relativeResultsDirectory="6fe1877f-2572-42cc-857b-97dcf821dd32" dataRowInfo="0" resultType="DataDrivenDataRow" />
          </InnerResults>
        </UnitTestResult>
        <TestResult executionId="776da1fd-b391-49fa-9d23-55ffc3b2515e" parentExecutionId="7e651b32-0657-4ad3-a751-0652aa6b9114" testId="d869fc3b-f150-549c-6e79-cd687c15578d" testName="ContentSpecificUrl_InHTMLModule" computerName="INAGFFPTEC161W" testType="13cdc9d9-ddb5-4fa4-a97d-d965ccfc6d4b" outcome="Pending" testListId="8c84fa94-04c1-424b-9868-57a2d4851a1d" relativeResultsDirectory="776da1fd-b391-49fa-9d23-55ffc3b2515e" />
        <TestResult executionId="6f126d9e-fc19-4d12-b09c-252c530b1b23" parentExecutionId="7e651b32-0657-4ad3-a751-0652aa6b9114" testId="2339fb37-76d2-7deb-e0c7-3a46b9de23a8" testName="ForHTML_Module" computerName="INAGFFPTEC161W" testType="13cdc9d9-ddb5-4fa4-a97d-d965ccfc6d4b" outcome="Pending" testListId="8c84fa94-04c1-424b-9868-57a2d4851a1d" relativeResultsDirectory="6f126d9e-fc19-4d12-b09c-252c530b1b23" />
        <TestResult executionId="b369450d-7ba9-4a9f-83b3-051b7181007a" parentExecutionId="7e651b32-0657-4ad3-a751-0652aa6b9114" testId="43c24749-0d36-ad6a-4241-fedfc631cd08" testName="ForRSSFeed" computerName="INAGFFPTEC161W" testType="13cdc9d9-ddb5-4fa4-a97d-d965ccfc6d4b" outcome="Pending" testListId="8c84fa94-04c1-424b-9868-57a2d4851a1d" relativeResultsDirectory="b369450d-7ba9-4a9f-83b3-051b7181007a" />
        <TestResult executionId="64b52b4b-f60a-447b-b04f-be3163aa6dcd" parentExecutionId="7e651b32-0657-4ad3-a751-0652aa6b9114" testId="817aeca9-03da-fbef-ab65-2806fa9d72b0" testName="ForSqlModule" computerName="INAGFFPTEC161W" testType="13cdc9d9-ddb5-4fa4-a97d-d965ccfc6d4b" outcome="Pending" testListId="8c84fa94-04c1-424b-9868-57a2d4851a1d" relativeResultsDirectory="64b52b4b-f60a-447b-b04f-be3163aa6dcd" />
      </InnerResults>
    </TestResultAggregation>
  </Results>
</TestRun>