<?xml version="1.0" encoding="UTF-8"?>
<TestRun id="cffe7a78-da38-4000-a2d7-443b4c0a4cbf" name="s.g.yu7h@INAGFFPTEC161W 2014-01-14 12:28:37" runUser="CORP\s.g.yu7h" xmlns="http://microsoft.com/schemas/VisualStudio/TeamTest/2010">
  <TestSettings name="Local" id="1747497b-b63c-46c6-9bbd-9937f9080ad4">
    <Description>These are default test settings for a local test run.</Description>
    <Deployment runDeploymentRoot="s.g.yu7h_INAGFFPTEC161W 2014-01-14 12_28_37">
      <DeploymentItem filename="C:\Users\s.g.yu7h\Desktop\net35\ThoughtWorks.Selenium.Core.dll" />
      <DeploymentItem filename="GCMS_TestProject\bin\XML\Beta1.xml" />
      <DeploymentItem filename="GCMS_TestProject\Library\BrowserExe\IEDriverServer.exe" />
      <DeploymentItem filename="GCMS_TestProject\bin\XML\HotelPricer.xml" />
      <DeploymentItem filename="C:\Users\s.g.yu7h\Desktop\net35\WebDriver.dll" />
      <DeploymentItem filename="C:\Users\s.g.yu7h\Desktop\net35\WebDriver.Support.dll" />
      <DeploymentItem filename="C:\Users\s.g.yu7h\Desktop\net35\Selenium.WebDriverBackedSelenium.dll" />
      <DeploymentItem filename="GCMS_TestProject\Library\BrowserExe\chromedriver.exe" />
    </Deployment>
    <Execution>
      <TestTypeSpecific>
        <UnitTestRunConfig testTypeId="13cdc9d9-ddb5-4fa4-a97d-d965ccfc6d4b">
          <AssemblyResolution>
            <TestDirectory useLoadContext="true" />
          </AssemblyResolution>
        </UnitTestRunConfig>
      </TestTypeSpecific>
      <AgentRule name="Execution Agents">
      </AgentRule>
    </Execution>
  </TestSettings>
  <Times creation="2014-01-14T12:28:37.1117584+05:30" queuing="2014-01-14T12:28:40.4867584+05:30" start="2014-01-14T12:28:40.5937584+05:30" finish="2014-01-14T12:30:13.4327584+05:30" />
  <ResultSummary outcome="Error">
    <Counters total="1" executed="1" error="0" failed="0" timeout="0" aborted="1" inconclusive="0" passedButRunAborted="0" notRunnable="0" notExecuted="0" disconnected="0" warning="0" passed="0" completed="0" inProgress="0" pending="0" />
    <RunInfos>
      <RunInfo computerName="INAGFFPTEC161W" outcome="Error" timestamp="2014-01-14T12:30:13.4297584+05:30">
        <Text>Test host process exited unexpectedly.</Text>
      </RunInfo>
    </RunInfos>
  </ResultSummary>
  <TestDefinitions>
    <UnitTest name="ForExcelUpload" storage="c:\users\s.g.yu7h\documents\visual studio 2010\projects\gcms_testproject\gcms_testproject\bin\debug\gcms_testproject.dll" id="0efccc1a-4c65-eb81-03ed-aa9eea4f718c">
      <DeploymentItems>
        <DeploymentItem filename="GCMS_TestProject\AppData\ForHTML_Module.csv" />
      </DeploymentItems>
      <Execution id="1f5654e1-11bb-41c4-9ce4-e73c882ce333" />
      <TestMethod codeBase="C:/Users/s.g.yu7h/Documents/Visual Studio 2010/Projects/GCMS_TestProject/GCMS_TestProject/bin/Debug/GCMS_TestProject.DLL" adapterTypeName="Microsoft.VisualStudio.TestTools.TestTypes.Unit.UnitTestAdapter, Microsoft.VisualStudio.QualityTools.Tips.UnitTest.Adapter, Version=10.0.0.0, Culture=neutral, PublicKeyToken=b03f5f7f11d50a3a" className="GCMS_TestProject.TestCases.AutomatedTestsForBeta1, GCMS_TestProject, Version=1.0.0.0, Culture=neutral, PublicKeyToken=null" name="ForExcelUpload" />
      <DataSource connectionString="|DataDirectory|\ForHTML_Module.csv" providerInvariantName="Microsoft.VisualStudio.TestTools.DataSource.CSV" tableName="ForHTML_Module#csv" />
    </UnitTest>
  </TestDefinitions>
  <TestLists>
    <TestList name="Results Not in a List" id="8c84fa94-04c1-424b-9868-57a2d4851a1d" />
    <TestList name="All Loaded Results" id="19431567-8539-422a-85d7-44ee4e166bda" />
  </TestLists>
  <TestEntries>
    <TestEntry testId="0efccc1a-4c65-eb81-03ed-aa9eea4f718c" executionId="1f5654e1-11bb-41c4-9ce4-e73c882ce333" testListId="8c84fa94-04c1-424b-9868-57a2d4851a1d" />
  </TestEntries>
  <Results>
    <UnitTestResult executionId="1f5654e1-11bb-41c4-9ce4-e73c882ce333" testId="0efccc1a-4c65-eb81-03ed-aa9eea4f718c" testName="ForExcelUpload" computerName="INAGFFPTEC161W" duration="00:01:32.7190000" startTime="2014-01-14T12:28:40.7137584+05:30" endTime="2014-01-14T12:30:13.4327584+05:30" testType="13cdc9d9-ddb5-4fa4-a97d-d965ccfc6d4b" outcome="Aborted" testListId="8c84fa94-04c1-424b-9868-57a2d4851a1d" relativeResultsDirectory="1f5654e1-11bb-41c4-9ce4-e73c882ce333">
    </UnitTestResult>
  </Results>
</TestRun>