<?xml version="1.0" encoding="UTF-8"?>
<TestRun id="68652a90-f5f2-474c-8bdf-a21e6dbf1fdc" name="s.g.yu7h@INAGFFPTEC161W 2014-01-13 16:50:00" runUser="CORP\s.g.yu7h" xmlns="http://microsoft.com/schemas/VisualStudio/TeamTest/2010">
  <TestSettings name="Local" id="1747497b-b63c-46c6-9bbd-9937f9080ad4">
    <Description>These are default test settings for a local test run.</Description>
    <Deployment runDeploymentRoot="s.g.yu7h_INAGFFPTEC161W 2014-01-13 16_50_00">
      <DeploymentItem filename="C:\Users\s.g.yu7h\Desktop\net35\ThoughtWorks.Selenium.Core.dll" />
      <DeploymentItem filename="GCMS_TestProject\bin\XML\Beta1.xml" />
      <DeploymentItem filename="GCMS_TestProject\Library\BrowserExe\IEDriverServer.exe" />
      <DeploymentItem filename="GCMS_TestProject\bin\XML\HotelPricer.xml" />
      <DeploymentItem filename="C:\Users\s.g.yu7h\Desktop\net35\WebDriver.dll" />
      <DeploymentItem filename="C:\Users\s.g.yu7h\Desktop\net35\WebDriver.Support.dll" />
      <DeploymentItem filename="C:\Users\s.g.yu7h\Desktop\net35\Selenium.WebDriverBackedSelenium.dll" />
      <DeploymentItem filename="GCMS_TestProject\Library\BrowserExe\chromedriver.exe" />
    </Deployment>
    <Execution>
      <TestTypeSpecific>
        <UnitTestRunConfig testTypeId="13cdc9d9-ddb5-4fa4-a97d-d965ccfc6d4b">
          <AssemblyResolution>
            <TestDirectory useLoadContext="true" />
          </AssemblyResolution>
        </UnitTestRunConfig>
      </TestTypeSpecific>
      <AgentRule name="Execution Agents">
      </AgentRule>
    </Execution>
  </TestSettings>
  <Times creation="2014-01-13T16:50:00.3694493+05:30" queuing="2014-01-13T16:50:02.1414493+05:30" start="2014-01-13T16:50:02.2434493+05:30" finish="2014-01-13T16:50:40.7064493+05:30" />
  <ResultSummary outcome="Error">
    <Counters total="1" executed="1" error="0" failed="0" timeout="0" aborted="1" inconclusive="0" passedButRunAborted="0" notRunnable="0" notExecuted="0" disconnected="0" warning="0" passed="0" completed="0" inProgress="0" pending="0" />
    <RunInfos>
      <RunInfo computerName="INAGFFPTEC161W" outcome="Error" timestamp="2014-01-13T16:50:40.7054493+05:30">
        <Text>Test host process exited unexpectedly.</Text>
      </RunInfo>
    </RunInfos>
  </ResultSummary>
  <TestDefinitions>
    <UnitTest name="ContentSpecificUrl_InHTMLModule" storage="c:\users\s.g.yu7h\documents\visual studio 2010\projects\gcms_testproject\gcms_testproject\bin\debug\gcms_testproject.dll" id="d869fc3b-f150-549c-6e79-cd687c15578d">
      <DeploymentItems>
        <DeploymentItem filename="GCMS_TestProject\AppData\ContentSpecificUrl_InHTMLModule.csv" />
      </DeploymentItems>
      <Execution id="2a5ff26b-47f4-4a63-bb00-5dd5262ff4bb" />
      <TestMethod codeBase="C:/Users/s.g.yu7h/Documents/Visual Studio 2010/Projects/GCMS_TestProject/GCMS_TestProject/bin/Debug/GCMS_TestProject.DLL" adapterTypeName="Microsoft.VisualStudio.TestTools.TestTypes.Unit.UnitTestAdapter, Microsoft.VisualStudio.QualityTools.Tips.UnitTest.Adapter, Version=10.0.0.0, Culture=neutral, PublicKeyToken=b03f5f7f11d50a3a" className="GCMS_TestProject.TestCases.AutomatedTestsForBeta1, GCMS_TestProject, Version=1.0.0.0, Culture=neutral, PublicKeyToken=null" name="ContentSpecificUrl_InHTMLModule" />
      <DataSource connectionString="|DataDirectory|\ContentSpecificUrl_InHTMLModule.csv" providerInvariantName="Microsoft.VisualStudio.TestTools.DataSource.CSV" tableName="ContentSpecificUrl_InHTMLModule#csv" />
    </UnitTest>
  </TestDefinitions>
  <TestLists>
    <TestList name="Results Not in a List" id="8c84fa94-04c1-424b-9868-57a2d4851a1d" />
    <TestList name="All Loaded Results" id="19431567-8539-422a-85d7-44ee4e166bda" />
  </TestLists>
  <TestEntries>
    <TestEntry testId="d869fc3b-f150-549c-6e79-cd687c15578d" executionId="2a5ff26b-47f4-4a63-bb00-5dd5262ff4bb" testListId="8c84fa94-04c1-424b-9868-57a2d4851a1d" />
  </TestEntries>
  <Results>
    <UnitTestResult executionId="2a5ff26b-47f4-4a63-bb00-5dd5262ff4bb" testId="d869fc3b-f150-549c-6e79-cd687c15578d" testName="ContentSpecificUrl_InHTMLModule" computerName="INAGFFPTEC161W" duration="00:00:38.3720000" startTime="2014-01-13T16:50:02.3344493+05:30" endTime="2014-01-13T16:50:40.7064493+05:30" testType="13cdc9d9-ddb5-4fa4-a97d-d965ccfc6d4b" outcome="Aborted" testListId="8c84fa94-04c1-424b-9868-57a2d4851a1d" relativeResultsDirectory="2a5ff26b-47f4-4a63-bb00-5dd5262ff4bb">
    </UnitTestResult>
  </Results>
</TestRun>